<?xml version="1.0" encoding="UTF-8"?>
<!-- Generated by org.testng.reporters.JUnitReportReporter -->
<testsuite name="com.hom.stepDefinitions.RunCukes" tests="1" time="167.855" ignored="0" failures="0" timestamp="09 Jan 2017 03:17:03 GMT" skipped="0" hostname="PVinay" errors="0">
  <testcase name="runCukes" time="167.855" classname="com.hom.stepDefinitions.RunCukes"/>
</testsuite> <!-- com.hom.stepDefinitions.RunCukes -->
