<?xml version="1.0" encoding="UTF-8"?>
<!-- Generated by org.testng.reporters.JUnitReportReporter -->
<testsuite name="com.hom.automationDigital.runner.RunCukes" tests="1" time="0.549" ignored="0" failures="0" timestamp="30 Dec 2016 15:42:18 GMT" skipped="0" hostname="PVinay" errors="0">
  <testcase name="runCukes" time="0.549" classname="com.hom.automationDigital.runner.RunCukes"/>
</testsuite> <!-- com.hom.automationDigital.runner.RunCukes -->
