<?xml version="1.0" encoding="UTF-8"?>
<!-- Generated by org.testng.reporters.JUnitReportReporter -->
<testsuite name="com.hom.stepDefinitions.RunCukes3" tests="1" time="1.752" ignored="0" failures="0" timestamp="07 Jan 2017 16:09:52 GMT" skipped="0" hostname="PVinay" errors="0">
  <testcase name="runCukes" time="1.752" classname="com.hom.stepDefinitions.RunCukes3"/>
</testsuite> <!-- com.hom.stepDefinitions.RunCukes3 -->
